StudentHardLife/app/build/intermediates/manifest_merge_blame_file/debug/manifest-merger-blame-debug-report.txt
1<?xml version="1.0" encoding="utf-8"?>
2<manifest xmlns:android="http://schemas.android.com/apk/res/android"
3    package="com.example.studenthardlife"
4    android:versionCode="1"
5    android:versionName="1.0" >
6
7    <uses-sdk
8        android:minSdkVersion="21"
8-->src/main/AndroidManifest.xml
9        android:targetSdkVersion="33" />
9-->src/main/AndroidManifest.xml
10
11    <permission
11-->[androidx.core:core:1.9.0] AndroidManifest.xml:22:5-24:47
12        android:name="com.example.studenthardlife.DYNAMIC_RECEIVER_NOT_EXPORTED_PERMISSION"
12-->[androidx.core:core:1.9.0] AndroidManifest.xml:23:9-81
13        android:protectionLevel="signature" />
13-->[androidx.core:core:1.9.0] AndroidManifest.xml:24:9-44
14
15    <uses-permission android:name="com.example.studenthardlife.DYNAMIC_RECEIVER_NOT_EXPORTED_PERMISSION" />
15-->[androidx.core:core:1.9.0] AndroidManifest.xml:26:5-97
15-->[androidx.core:core:1.9.0] AndroidManifest.xml:26:22-94
16
17    <application
17-->src/main/AndroidManifest.xml:5:5-30:19
18        android:allowBackup="true"
18-->src/main/AndroidManifest.xml:6:9-35
19        android:appComponentFactory="androidx.core.app.CoreComponentFactory"
19-->[androidx.core:core:1.9.0] AndroidManifest.xml:28:18-86
20        android:dataExtractionRules="@xml/data_extraction_rules"
20-->src/main/AndroidManifest.xml:7:9-65
21        android:debuggable="true"
22        android:fullBackupContent="@xml/backup_rules"
22-->src/main/AndroidManifest.xml:8:9-54
23        android:icon="@mipmap/ic_launcher"
23-->src/main/AndroidManifest.xml:9:9-43
24        android:label="@string/app_name"
24-->src/main/AndroidManifest.xml:10:9-41
25        android:roundIcon="@mipmap/ic_launcher_round"
25-->src/main/AndroidManifest.xml:11:9-54
26        android:supportsRtl="true"
26-->src/main/AndroidManifest.xml:12:9-35
27        android:testOnly="true"
28        android:theme="@style/Theme.StudentHardLife" >
28-->src/main/AndroidManifest.xml:13:9-53
29        <activity
29-->src/main/AndroidManifest.xml:15:9-29:20
30            android:name="com.example.studenthardlife.MainActivity"
30-->src/main/AndroidManifest.xml:16:13-41
31            android:exported="true"
31-->src/main/AndroidManifest.xml:17:13-36
32            android:label="@string/app_name"
32-->src/main/AndroidManifest.xml:18:13-45
33            android:theme="@style/Theme.StudentHardLife.NoActionBar" >
33-->src/main/AndroidManifest.xml:19:13-69
34            <intent-filter>
34-->src/main/AndroidManifest.xml:20:13-24:29
35                <action android:name="android.intent.action.MAIN" />
35-->src/main/AndroidManifest.xml:21:17-69
35-->src/main/AndroidManifest.xml:21:25-66
36
37                <category android:name="android.intent.category.LAUNCHER" />
37-->src/main/AndroidManifest.xml:23:17-77
37-->src/main/AndroidManifest.xml:23:27-74
38            </intent-filter>
39
40            <meta-data
40-->src/main/AndroidManifest.xml:26:13-28:36
41                android:name="android.app.lib_name"
41-->src/main/AndroidManifest.xml:27:17-52
42                android:value="" />
42-->src/main/AndroidManifest.xml:28:17-33
43        </activity>
44
45        <uses-library
45-->[androidx.window:window:1.0.0] AndroidManifest.xml:25:9-27:40
46            android:name="androidx.window.extensions"
46-->[androidx.window:window:1.0.0] AndroidManifest.xml:26:13-54
47            android:required="false" />
47-->[androidx.window:window:1.0.0] AndroidManifest.xml:27:13-37
48        <uses-library
48-->[androidx.window:window:1.0.0] AndroidManifest.xml:28:9-30:40
49            android:name="androidx.window.sidecar"
49-->[androidx.window:window:1.0.0] AndroidManifest.xml:29:13-51
50            android:required="false" />
50-->[androidx.window:window:1.0.0] AndroidManifest.xml:30:13-37
51
52        <provider
52-->[androidx.emoji2:emoji2:1.2.0] AndroidManifest.xml:24:9-32:20
53            android:name="androidx.startup.InitializationProvider"
53-->[androidx.emoji2:emoji2:1.2.0] AndroidManifest.xml:25:13-67
54            android:authorities="com.example.studenthardlife.androidx-startup"
54-->[androidx.emoji2:emoji2:1.2.0] AndroidManifest.xml:26:13-68
55            android:exported="false" >
55-->[androidx.emoji2:emoji2:1.2.0] AndroidManifest.xml:27:13-37
56            <meta-data
56-->[androidx.emoji2:emoji2:1.2.0] AndroidManifest.xml:29:13-31:52
57                android:name="androidx.emoji2.text.EmojiCompatInitializer"
57-->[androidx.emoji2:emoji2:1.2.0] AndroidManifest.xml:30:17-75
58                android:value="androidx.startup" />
58-->[androidx.emoji2:emoji2:1.2.0] AndroidManifest.xml:31:17-49
59            <meta-data
59-->[androidx.lifecycle:lifecycle-process:2.4.1] AndroidManifest.xml:31:13-33:52
60                android:name="androidx.lifecycle.ProcessLifecycleInitializer"
60-->[androidx.lifecycle:lifecycle-process:2.4.1] AndroidManifest.xml:32:17-78
61                android:value="androidx.startup" />
61-->[androidx.lifecycle:lifecycle-process:2.4.1] AndroidManifest.xml:33:17-49
62        </provider>
63    </application>
64
65</manifest>